
SQL*Loader: Release 21.0.0.0.0 - Production on Thu Sep 15 03:23:35 2022
Version 21.5.0.0.0

Copyright (c) 1982, 2022, Oracle and/or its affiliates.  All rights reserved.

Control File:   /home/ufc/carga_nova_rfb/carga_v2/cnae.ctl
Character Set WE8MSWIN1252 specified for all input.

Data File:      /home/ufc/carga_nova_rfb/output/cnae/F.K03200Z.D20813.CNAECSV.csv
  File processing option string: "str '
'"
  Bad File:     /home/ufc/carga_nova_rfb/carga_v2/cnae.bad
  Discard File: /home/ufc/carga_nova_rfb/carga_v2/cnae.dsc 
 (Allow all discards)

Number to load: ALL
Number to skip: 0
Errors allowed: 9999999
Bind array:     250 rows, maximum of 1048576 bytes
Continuation:    none specified
Path used:      Conventional

Table DOM_CNAES, loaded from every logical record.
Insert option in effect for this table: TRUNCATE
TRAILING NULLCOLS option in effect

   Column Name                  Position   Len  Term Encl Datatype
------------------------------ ---------- ----- ---- ---- ---------------------
CNAE                                FIRST     *   ;  O(") CHARACTER            
                                                      O(")
DESCRICAO                            NEXT     *   ;  O(") CHARACTER            
                                                      O(")


Table DOM_CNAES:
  1359 Rows successfully loaded.
  0 Rows not loaded due to data errors.
  0 Rows not loaded because all WHEN clauses were failed.
  0 Rows not loaded because all fields were null.


Space allocated for bind array:                 129000 bytes(250 rows)
Read   buffer bytes: 1048576

Total logical records skipped:          0
Total logical records read:          1359
Total logical records rejected:         0
Total logical records discarded:        0

Run began on Thu Sep 15 03:23:35 2022
Run ended on Thu Sep 15 03:23:40 2022

Elapsed time was:     00:00:04.69
CPU time was:         00:00:00.03
