
SQL*Loader: Release 21.0.0.0.0 - Production on Thu Sep 15 03:11:26 2022
Version 21.5.0.0.0

Copyright (c) 1982, 2022, Oracle and/or its affiliates.  All rights reserved.

Control File:   /home/ufc/carga_nova_rfb/carga_v2/simei.ctl
Character Set WE8MSWIN1252 specified for all input.

Data File:      /home/ufc/carga_nova_rfb/output/simei/F.K03200W.SIMPLES.CSV.D20813.csv
  File processing option string: "str '
'"
  Bad File:     /home/ufc/carga_nova_rfb/carga_v2/simei.bad
  Discard File: /home/ufc/carga_nova_rfb/carga_v2/simei.dsc 
 (Allow all discards)

Number to load: ALL
Number to skip: 0
Errors allowed: 9999999
Bind array:     250 rows, maximum of 1048576 bytes
Continuation:    none specified
Path used:      Conventional

Table EXTR_SIMEI, loaded from every logical record.
Insert option in effect for this table: TRUNCATE
TRAILING NULLCOLS option in effect

   Column Name                  Position   Len  Term Encl Datatype
------------------------------ ---------- ----- ---- ---- ---------------------
CNPJ_BASICO                         FIRST     *   ;  O(") CHARACTER            
                                                      O(")
OPC_SIMPLES                          NEXT     *   ;  O(") CHARACTER            
                                                      O(")
DATA_OPC_SIMPLES                     NEXT     *   ;  O(") CHARACTER            
                                                      O(")
DATA_EXC_SIMPLES                     NEXT     *   ;  O(") CHARACTER            
                                                      O(")
OPC_MEI                              NEXT     *   ;  O(") CHARACTER            
                                                      O(")
DATA_OPC_MEI                         NEXT     *   ;  O(") CHARACTER            
                                                      O(")
DATA_EXC_MEI                         NEXT     *   ;  O(") CHARACTER            
                                                      O(")


Table EXTR_SIMEI:
  32689678 Rows successfully loaded.
  0 Rows not loaded due to data errors.
  0 Rows not loaded because all WHEN clauses were failed.
  0 Rows not loaded because all fields were null.


Space allocated for bind array:                 451500 bytes(250 rows)
Read   buffer bytes: 1048576

Total logical records skipped:          0
Total logical records read:      32689678
Total logical records rejected:         0
Total logical records discarded:        0

Run began on Thu Sep 15 03:11:26 2022
Run ended on Thu Sep 15 03:23:35 2022

Elapsed time was:     00:12:09.49
CPU time was:         00:01:17.74
